  App.cpp
C:\Users\Public\Dev\Nap-Cat-Studios\source\Player.h(1,1): warning C4819: The file contains a character that cannot be represented in the current code page (936). Save the file in Unicode format to prevent data loss
  (compiling source file '../../../source/App.cpp')
  
  GameScene.cpp
C:\Users\Public\Dev\Nap-Cat-Studios\source\Player.h(1,1): warning C4819: The file contains a character that cannot be represented in the current code page (936). Save the file in Unicode format to prevent data loss
  (compiling source file '../../../source/GameScene.cpp')
  
     Creating library C:\Users\Public\Dev\Nap-Cat-Studios\build\windows\x86\Release\Ship.lib and object C:\Users\Public\Dev\Nap-Cat-Studios\build\windows\x86\Release\Ship.exp
  Generating code
  161 of 16901 functions ( 1.0%) were compiled, the rest were copied from previous compilation.
    0 functions were new in current compilation
    101 functions had inline decision re-evaluated but remain unchanged
  Finished generating code
cugl-main.lib(guids.obj) : warning LNK4255: library contain multiple objects of the same name; linking object as if no debug info
  Ship.vcxproj -> C:\Users\Public\Dev\Nap-Cat-Studios\build\windows\x86\Release\Ship.exe
          1 file(s) copied.
  0 File(s) copied
  0 File(s) copied
  File not found - *.dll
  0 File(s) copied
  File not found - *.txt
  0 File(s) copied
  0 File(s) copied
  C:\Users\Public\Dev\Nap-Cat-Studios\build\windows\..\..\assets\json\assets.json
  1 File(s) copied
